<?xml version="1.0" encoding="UTF-8"?>
<testng-results ignored="0" total="1" passed="1" failed="0" skipped="0">
  <reporter-output>
  </reporter-output>
  <suite started-at="2022-02-01T15:30:45 IST" name="Suite" finished-at="2022-02-01T15:30:51 IST" duration-ms="5900">
    <groups>
      <group name="cucumber">
        <method signature="SeleniumAbstractTestNGCucumberTests.runScenario(io.cucumber.testng.PickleWrapper,io.cucumber.testng.FeatureWrapper)[pri:0, instance:com.functional.test.runner.TestngRunner@55a147cc]" name="runScenario" class="com.funtional.test.SeleniumAbstractTestNGCucumberTests"/>
      </group> <!-- cucumber -->
    </groups>
    <test started-at="2022-02-01T15:30:45 IST" name="Test" finished-at="2022-02-01T15:30:51 IST" duration-ms="5900">
      <class name="com.functional.test.runner.TestngRunner">
        <test-method is-config="true" signature="beforeSuite()[pri:0, instance:com.functional.test.runner.TestngRunner@55a147cc]" started-at="2022-02-01T15:30:45 IST" name="beforeSuite" finished-at="2022-02-01T15:30:45 IST" duration-ms="167" status="PASS">
          <reporter-output>
          </reporter-output>
        </test-method> <!-- beforeSuite -->
        <test-method is-config="true" signature="beforeTest(org.testng.ITestContext)[pri:0, instance:com.functional.test.runner.TestngRunner@55a147cc]" started-at="2022-02-01T15:30:45 IST" name="beforeTest" finished-at="2022-02-01T15:30:47 IST" duration-ms="2102" status="PASS">
          <params>
            <param index="0">
              <value>
                <![CDATA[org.testng.TestRunner@23cbbd07]]>
              </value>
            </param>
          </params>
          <reporter-output>
          </reporter-output>
        </test-method> <!-- beforeTest -->
        <test-method is-config="true" signature="setUpClass()[pri:0, instance:com.functional.test.runner.TestngRunner@55a147cc]" started-at="2022-02-01T15:30:47 IST" name="setUpClass" finished-at="2022-02-01T15:30:48 IST" duration-ms="251" status="PASS">
          <reporter-output>
          </reporter-output>
        </test-method> <!-- setUpClass -->
        <test-method signature="runScenario(io.cucumber.testng.PickleWrapper,io.cucumber.testng.FeatureWrapper)[pri:0, instance:com.functional.test.runner.TestngRunner@55a147cc]" started-at="2022-02-01T15:30:48 IST" name="runScenario" description="Runs Cucumber Scenarios" data-provider="scenarios" finished-at="2022-02-01T15:30:51 IST" duration-ms="3212" status="PASS">
          <params>
            <param index="0">
              <value>
                <![CDATA["Purchase devicelab plans in BrowserStack Application"]]>
              </value>
            </param>
            <param index="1">
              <value>
                <![CDATA["Optional[Purchase devicelab plans in BrowserStack Application]"]]>
              </value>
            </param>
          </params>
          <reporter-output>
          </reporter-output>
        </test-method> <!-- runScenario -->
        <test-method is-config="true" signature="afterMethod(org.testng.ITestResult)[pri:0, instance:com.functional.test.runner.TestngRunner@55a147cc]" started-at="2022-02-01T15:30:51 IST" name="afterMethod" finished-at="2022-02-01T15:30:51 IST" duration-ms="249" status="PASS">
          <params>
            <param index="0">
              <value>
                <![CDATA[[TestResult name=runScenario status=SUCCESS method=SeleniumAbstractTestNGCucumberTests.runScenario(io.cucumber.testng.PickleWrapper,io.cucumber.testng.FeatureWrapper)[pri:0, instance:com.functional.test.runner.TestngRunner@55a147cc] output={null}]]]>
              </value>
            </param>
          </params>
          <reporter-output>
          </reporter-output>
        </test-method> <!-- afterMethod -->
        <test-method is-config="true" signature="tearDownClass()[pri:0, instance:com.functional.test.runner.TestngRunner@55a147cc]" started-at="2022-02-01T15:30:51 IST" name="tearDownClass" finished-at="2022-02-01T15:30:51 IST" duration-ms="60" status="PASS">
          <reporter-output>
          </reporter-output>
        </test-method> <!-- tearDownClass -->
      </class> <!-- com.functional.test.runner.TestngRunner -->
    </test> <!-- Test -->
  </suite> <!-- Suite -->
</testng-results>
